2020-09-17 18:49:28,801  INFO [main] ConsoleLoggingListener:220 - [36m

-------------------------------------------------------------------------------------
     _______. _______ .______       _______ .__   __.  __  .___________.____    ____ 
    /       ||   ____||   _  \     |   ____||  \ |  | |  | |           |\   \  /   / 
   |   (----`|  |__   |  |_)  |    |  |__   |   \|  | |  | `---|  |----` \   \/   /  
    \   \    |   __|  |      /     |   __|  |  . `  | |  |     |  |       \_    _/   
.----)   |   |  |____ |  |\  \----.|  |____ |  |\   | |  |     |  |         |  |     
|_______/    |_______|| _| `._____||_______||__| \__| |__|     |__|         |__|    
                                                                                     
 News and tutorials at http://www.serenity-bdd.info                                  
 Documentation at https://wakaleo.gitbooks.io/the-serenity-book/content/             
 Join the Serenity Community on Rocket Chat at https://serenity-bdd.rocket.chat      
 Serenity BDD Support and Training at http://serenity-bdd.info/#/trainingandsupport  
 Learn Serenity BDD online at http://serenity-dojo.com                               
-------------------------------------------------------------------------------------
[0m
2020-09-17 18:49:28,815  INFO [main] ConsoleLoggingListener:249 - Test Suite Started: get User selected values
2020-09-17 18:49:28,970  INFO [main] ConsoleLoggingListener:266 - 
 _____ _____ ____ _____   ____ _____  _    ____ _____ _____ ____  
|_   _| ____/ ___|_   _| / ___|_   _|/ \  |  _ \_   _| ____|  _ \ 
  | | |  _| \___ \ | |   \___ \ | | / _ \ | |_) || | |  _| | | | |
  | | | |___ ___) || |    ___) || |/ ___ \|  _ < | | | |___| |_| |
  |_| |_____|____/ |_|   |____/ |_/_/   \_\_| \_\|_| |_____|____/ 
                                                                  

TEST STARTED: get values from daily chart
-------------------------------------------------------------------(get-user-selected-values;get-values-from-daily-chart)
2020-09-17 19:57:54,220  INFO [main] ConsoleLoggingListener:393 - 
        __    _____ _____ ____ _____   ____   _    ____  ____  _____ ____  
  _     \ \  |_   _| ____/ ___|_   _| |  _ \ / \  / ___|/ ___|| ____|  _ \ 
 (_)_____| |   | | |  _| \___ \ | |   | |_) / _ \ \___ \\___ \|  _| | | | |
  _|_____| |   | | | |___ ___) || |   |  __/ ___ \ ___) |___) | |___| |_| |
 (_)     | |   |_| |_____|____/ |_|   |_| /_/   \_\____/|____/|_____|____/ 
        /_/                                                                

TEST PASSED: get values from daily chart
----------------------------------------------------------------------------
2020-09-17 19:57:54,228  INFO [main] ConsoleLoggingListener:393 - 
        __    _____ _____ ____ _____   ____   _    ____  ____  _____ ____  
  _     \ \  |_   _| ____/ ___|_   _| |  _ \ / \  / ___|/ ___|| ____|  _ \ 
 (_)_____| |   | | |  _| \___ \ | |   | |_) / _ \ \___ \\___ \|  _| | | | |
  _|_____| |   | | | |___ ___) || |   |  __/ ___ \ ___) |___) | |___| |_| |
 (_)     | |   |_| |_____|____/ |_|   |_| /_/   \_\____/|____/|_____|____/ 
        /_/                                                                

TEST PASSED: get values from daily chart
----------------------------------------------------------------------------
 '2018-08-02T20:05:20.749Z'System info: host: 'DESKTOP-F60J8KS', ip: '192.168.221.1', os.name: 'Windows 10', os.arch: 'amd64', os.version: '10.0', java.version: '1.8.0_161'Driver info: driver.version: unknown
2020-09-17 18:50:27,680 ERROR [main] ConsoleLoggingListener:312 - 
           __  _____ _____ ____ _____   _____ _    ___ _     _____ ____  
  _       / / |_   _| ____/ ___|_   _| |  ___/ \  |_ _| |   | ____|  _ \ 
 (_)_____| |    | | |  _| \___ \ | |   | |_ / _ \  | || |   |  _| | | | |
  _|_____| |    | | | |___ ___) || |   |  _/ ___ \ | || |___| |___| |_| |
 (_)     | |    |_| |_____|____/ |_|   |_|/_/   \_\___|_____|_____|____/ 
          \_\                                                            

TEST FAILED: get values from daily chart
--------------------------------------------------------------------------
2020-09-17 18:50:27,680 ERROR [main] ConsoleLoggingListener:364 - TEST FAILED AT STEP Get values from daily chart
2020-09-17 18:50:27,695 ERROR [main] ConsoleLoggingListener:366 - Expected condition failed: waiting for TopstockresearchChartPage.userSelectedValues to be present (tried for 5 second(s) with 100 milliseconds interval)Build info: version: '3.14.0', revision: 'aacccce0', time: '2018-08-02T20:05:20.749Z'System info: host: 'DESKTOP-F60J8KS', ip: '192.168.221.1', os.name: 'Windows 10', os.arch: 'amd64', os.version: '10.0', java.version: '1.8.0_161'Driver info: driver.version: unknownBuild info: version: '3.14.0', revision: 'aacccce0', time: '2018-08-02T20:05:20.749Z'System info: host: 'DESKTOP-F60J8KS', ip: '192.168.221.1', os.name: 'Windows 10', os.arch: 'amd64', os.version: '10.0', java.version: '1.8.0_161'Driver info: driver.version: unknown
